2025-08-21 21:24:21,911 - INFO - Requesting HarvestAPI with params: {'search': 'Dilip Harish', 'page': 1, 'currentCompany': 'Flexera'}
2025-08-21 21:24:22,978 - INFO - Search status code: 402
2025-08-21 21:27:58,940 - INFO - Requesting HarvestAPI with params: {'search': 'Dilip Harish', 'page': 1, 'currentCompany': 'Flexera', 'location': 'Bengaluru'}
2025-08-21 21:28:00,617 - INFO - Search status code: 200
2025-08-21 21:28:18,616 - INFO - Requesting HarvestAPI with params: {'search': 'Dilip Harish', 'page': 1}
2025-08-21 21:28:19,969 - INFO - Search status code: 200
2025-08-21 22:08:51,948 - INFO - Requesting HarvestAPI with params: {'search': 'Sonupatel A L', 'page': 1, 'currentCompany': 'Flexera', 'pastCompany': 'Ribbon Communication'}
2025-08-21 22:08:53,972 - INFO - Search status code: 200
2025-08-21 22:09:09,740 - INFO - Requesting HarvestAPI with params: {'search': 'Sonupatel A L', 'page': 1}
2025-08-21 22:09:11,219 - INFO - Search status code: 200
2025-08-21 22:09:13,044 - ERROR - DB error: (psycopg2.errors.UntranslatableCharacter) unsupported Unicode escape sequence
LINE 1: ...0b7 On-site", "emp_type": "internship"}]'::JSONB, '[{"title"...
                                                             ^
DETAIL:  \u0000 cannot be converted to text.
CONTEXT:  JSON data, line 1: ...ginner's Guide to Linux Kernel Development \u0000...

[SQL: INSERT INTO profiles (linkedin_url, name, first_name, last_name, location, headline, company, past_company1, past_company2, school1, school2, skills, experiences, certifications) VALUES (%(linkedin_url)s, %(name)s, %(first_name)s, %(last_name)s, %(location)s, %(headline)s, %(company)s, %(past_company1)s, %(past_company2)s, %(school1)s, %(school2)s, %(skills)s::JSONB, %(experiences)s::JSONB, %(certifications)s::JSONB) RETURNING profiles.profile_id, profiles.last_updated]
[parameters: {'linkedin_url': 'https://www.linkedin.com/in/sonupatel-a-l', 'name': 'Sonupatel A L', 'first_name': 'Sonupatel', 'last_name': 'A L', 'location': 'Bengaluru, Karnataka, India', 'headline': 'SDE @ Flexera | Ex SDE intern @ Ribbon Communications | Ex Intern @ Hindustan Aeronautics Limited', 'company': 'Flexera', 'past_company1': 'Ribbon Communications', 'past_company2': 'Webknot Technologies', 'school1': 'PES University', 'school2': 'Jnanasudha PU College', 'skills': '[{"name": "Amazon EC2", "endorsements": 0, "passed_assessment": null}, {"name": "Amazon VPC", "endorsements": 0, "passed_assessment": null}, {"name": ... (2809 characters truncated) ... , {"name": "Problem Solving", "endorsements": 0, "passed_assessment": null}, {"name": "Communication", "endorsements": 0, "passed_assessment": null}]', 'experiences': '[{"start_date": "2025-08-21", "end_date": null, "duration": "1 mo", "title": "Software Developer", "company": "Flexera", "location": "Bengaluru, Karn ... (595 characters truncated) ... ": "Summer Intern", "company": "Hindustan Aeronautics Limited", "location": "Bengaluru, Karnataka, India \\u00b7 On-site", "emp_type": "internship"}]', 'certifications': '[{"title": "A Beginner\'s Guide to Linux Kernel Development \\u0000LFD103\\u0000", "issuer": "The Linux Foundation", "date_issued": "Mar 2023", "cert ... (672 characters truncated) ... , {"title": "TiE Entrepreneurship program", "issuer": "TiE", "date_issued": "Aug 2024 \\u00b7 Expired Sep 2024", "cert_id": null, "cert_link": null}]'}]
(Background on this error at: https://sqlalche.me/e/20/9h9h)
Traceback (most recent call last):
  File "/Users/sonupatel/Downloads/test/test/lib/python3.13/site-packages/sqlalchemy/engine/base.py", line 1967, in _exec_single_context
    self.dialect.do_execute(
    ~~~~~~~~~~~~~~~~~~~~~~~^
        cursor, str_statement, effective_parameters, context
        ^^^^^^^^^^^^^^^^^^^^^^^^^^^^^^^^^^^^^^^^^^^^^^^^^^^^
    )
    ^
  File "/Users/sonupatel/Downloads/test/test/lib/python3.13/site-packages/sqlalchemy/engine/default.py", line 951, in do_execute
    cursor.execute(statement, parameters)
    ~~~~~~~~~~~~~~^^^^^^^^^^^^^^^^^^^^^^^
psycopg2.errors.UntranslatableCharacter: unsupported Unicode escape sequence
LINE 1: ...0b7 On-site", "emp_type": "internship"}]'::JSONB, '[{"title"...
                                                             ^
DETAIL:  \u0000 cannot be converted to text.
CONTEXT:  JSON data, line 1: ...ginner's Guide to Linux Kernel Development \u0000...


The above exception was the direct cause of the following exception:

Traceback (most recent call last):
  File "/Users/sonupatel/Downloads/test/LinkedIn/services/profile_service.py", line 53, in get_or_refresh_profile
    db.commit()
    ~~~~~~~~~^^
  File "/Users/sonupatel/Downloads/test/test/lib/python3.13/site-packages/sqlalchemy/orm/session.py", line 2032, in commit
    trans.commit(_to_root=True)
    ~~~~~~~~~~~~^^^^^^^^^^^^^^^
  File "<string>", line 2, in commit
  File "/Users/sonupatel/Downloads/test/test/lib/python3.13/site-packages/sqlalchemy/orm/state_changes.py", line 137, in _go
    ret_value = fn(self, *arg, **kw)
  File "/Users/sonupatel/Downloads/test/test/lib/python3.13/site-packages/sqlalchemy/orm/session.py", line 1313, in commit
    self._prepare_impl()
    ~~~~~~~~~~~~~~~~~~^^
  File "<string>", line 2, in _prepare_impl
  File "/Users/sonupatel/Downloads/test/test/lib/python3.13/site-packages/sqlalchemy/orm/state_changes.py", line 137, in _go
    ret_value = fn(self, *arg, **kw)
  File "/Users/sonupatel/Downloads/test/test/lib/python3.13/site-packages/sqlalchemy/orm/session.py", line 1288, in _prepare_impl
    self.session.flush()
    ~~~~~~~~~~~~~~~~~~^^
  File "/Users/sonupatel/Downloads/test/test/lib/python3.13/site-packages/sqlalchemy/orm/session.py", line 4345, in flush
    self._flush(objects)
    ~~~~~~~~~~~^^^^^^^^^
  File "/Users/sonupatel/Downloads/test/test/lib/python3.13/site-packages/sqlalchemy/orm/session.py", line 4480, in _flush
    with util.safe_reraise():
         ~~~~~~~~~~~~~~~~~^^
  File "/Users/sonupatel/Downloads/test/test/lib/python3.13/site-packages/sqlalchemy/util/langhelpers.py", line 224, in __exit__
    raise exc_value.with_traceback(exc_tb)
  File "/Users/sonupatel/Downloads/test/test/lib/python3.13/site-packages/sqlalchemy/orm/session.py", line 4441, in _flush
    flush_context.execute()
    ~~~~~~~~~~~~~~~~~~~~~^^
  File "/Users/sonupatel/Downloads/test/test/lib/python3.13/site-packages/sqlalchemy/orm/unitofwork.py", line 466, in execute
    rec.execute(self)
    ~~~~~~~~~~~^^^^^^
  File "/Users/sonupatel/Downloads/test/test/lib/python3.13/site-packages/sqlalchemy/orm/unitofwork.py", line 642, in execute
    util.preloaded.orm_persistence.save_obj(
    ~~~~~~~~~~~~~~~~~~~~~~~~~~~~~~~~~~~~~~~^
        self.mapper,
        ^^^^^^^^^^^^
        uow.states_for_mapper_hierarchy(self.mapper, False, False),
        ^^^^^^^^^^^^^^^^^^^^^^^^^^^^^^^^^^^^^^^^^^^^^^^^^^^^^^^^^^^
        uow,
        ^^^^
    )
    ^
  File "/Users/sonupatel/Downloads/test/test/lib/python3.13/site-packages/sqlalchemy/orm/persistence.py", line 93, in save_obj
    _emit_insert_statements(
    ~~~~~~~~~~~~~~~~~~~~~~~^
        base_mapper,
        ^^^^^^^^^^^^
    ...<3 lines>...
        insert,
        ^^^^^^^
    )
    ^
  File "/Users/sonupatel/Downloads/test/test/lib/python3.13/site-packages/sqlalchemy/orm/persistence.py", line 1233, in _emit_insert_statements
    result = connection.execute(
        statement,
        params,
        execution_options=execution_options,
    )
  File "/Users/sonupatel/Downloads/test/test/lib/python3.13/site-packages/sqlalchemy/engine/base.py", line 1419, in execute
    return meth(
        self,
        distilled_parameters,
        execution_options or NO_OPTIONS,
    )
  File "/Users/sonupatel/Downloads/test/test/lib/python3.13/site-packages/sqlalchemy/sql/elements.py", line 526, in _execute_on_connection
    return connection._execute_clauseelement(
           ~~~~~~~~~~~~~~~~~~~~~~~~~~~~~~~~~^
        self, distilled_params, execution_options
        ^^^^^^^^^^^^^^^^^^^^^^^^^^^^^^^^^^^^^^^^^
    )
    ^
  File "/Users/sonupatel/Downloads/test/test/lib/python3.13/site-packages/sqlalchemy/engine/base.py", line 1641, in _execute_clauseelement
    ret = self._execute_context(
        dialect,
    ...<8 lines>...
        cache_hit=cache_hit,
    )
  File "/Users/sonupatel/Downloads/test/test/lib/python3.13/site-packages/sqlalchemy/engine/base.py", line 1846, in _execute_context
    return self._exec_single_context(
           ~~~~~~~~~~~~~~~~~~~~~~~~~^
        dialect, context, statement, parameters
        ^^^^^^^^^^^^^^^^^^^^^^^^^^^^^^^^^^^^^^^
    )
    ^
  File "/Users/sonupatel/Downloads/test/test/lib/python3.13/site-packages/sqlalchemy/engine/base.py", line 1986, in _exec_single_context
    self._handle_dbapi_exception(
    ~~~~~~~~~~~~~~~~~~~~~~~~~~~~^
        e, str_statement, effective_parameters, cursor, context
        ^^^^^^^^^^^^^^^^^^^^^^^^^^^^^^^^^^^^^^^^^^^^^^^^^^^^^^^
    )
    ^
  File "/Users/sonupatel/Downloads/test/test/lib/python3.13/site-packages/sqlalchemy/engine/base.py", line 2355, in _handle_dbapi_exception
    raise sqlalchemy_exception.with_traceback(exc_info[2]) from e
  File "/Users/sonupatel/Downloads/test/test/lib/python3.13/site-packages/sqlalchemy/engine/base.py", line 1967, in _exec_single_context
    self.dialect.do_execute(
    ~~~~~~~~~~~~~~~~~~~~~~~^
        cursor, str_statement, effective_parameters, context
        ^^^^^^^^^^^^^^^^^^^^^^^^^^^^^^^^^^^^^^^^^^^^^^^^^^^^
    )
    ^
  File "/Users/sonupatel/Downloads/test/test/lib/python3.13/site-packages/sqlalchemy/engine/default.py", line 951, in do_execute
    cursor.execute(statement, parameters)
    ~~~~~~~~~~~~~~^^^^^^^^^^^^^^^^^^^^^^^
sqlalchemy.exc.DataError: (psycopg2.errors.UntranslatableCharacter) unsupported Unicode escape sequence
LINE 1: ...0b7 On-site", "emp_type": "internship"}]'::JSONB, '[{"title"...
                                                             ^
DETAIL:  \u0000 cannot be converted to text.
CONTEXT:  JSON data, line 1: ...ginner's Guide to Linux Kernel Development \u0000...

[SQL: INSERT INTO profiles (linkedin_url, name, first_name, last_name, location, headline, company, past_company1, past_company2, school1, school2, skills, experiences, certifications) VALUES (%(linkedin_url)s, %(name)s, %(first_name)s, %(last_name)s, %(location)s, %(headline)s, %(company)s, %(past_company1)s, %(past_company2)s, %(school1)s, %(school2)s, %(skills)s::JSONB, %(experiences)s::JSONB, %(certifications)s::JSONB) RETURNING profiles.profile_id, profiles.last_updated]
[parameters: {'linkedin_url': 'https://www.linkedin.com/in/sonupatel-a-l', 'name': 'Sonupatel A L', 'first_name': 'Sonupatel', 'last_name': 'A L', 'location': 'Bengaluru, Karnataka, India', 'headline': 'SDE @ Flexera | Ex SDE intern @ Ribbon Communications | Ex Intern @ Hindustan Aeronautics Limited', 'company': 'Flexera', 'past_company1': 'Ribbon Communications', 'past_company2': 'Webknot Technologies', 'school1': 'PES University', 'school2': 'Jnanasudha PU College', 'skills': '[{"name": "Amazon EC2", "endorsements": 0, "passed_assessment": null}, {"name": "Amazon VPC", "endorsements": 0, "passed_assessment": null}, {"name": ... (2809 characters truncated) ... , {"name": "Problem Solving", "endorsements": 0, "passed_assessment": null}, {"name": "Communication", "endorsements": 0, "passed_assessment": null}]', 'experiences': '[{"start_date": "2025-08-21", "end_date": null, "duration": "1 mo", "title": "Software Developer", "company": "Flexera", "location": "Bengaluru, Karn ... (595 characters truncated) ... ": "Summer Intern", "company": "Hindustan Aeronautics Limited", "location": "Bengaluru, Karnataka, India \\u00b7 On-site", "emp_type": "internship"}]', 'certifications': '[{"title": "A Beginner\'s Guide to Linux Kernel Development \\u0000LFD103\\u0000", "issuer": "The Linux Foundation", "date_issued": "Mar 2023", "cert ... (672 characters truncated) ... , {"title": "TiE Entrepreneurship program", "issuer": "TiE", "date_issued": "Aug 2024 \\u00b7 Expired Sep 2024", "cert_id": null, "cert_link": null}]'}]
(Background on this error at: https://sqlalche.me/e/20/9h9h)
2025-08-21 22:11:10,717 - INFO - Requesting HarvestAPI with params: {'search': 'Sonupatel A L', 'page': 1}
2025-08-21 22:11:12,320 - INFO - Search status code: 200
2025-08-21 22:11:23,199 - ERROR - DB error: (psycopg2.errors.UntranslatableCharacter) unsupported Unicode escape sequence
LINE 1: ...0b7 On-site", "emp_type": "internship"}]'::JSONB, '[{"title"...
                                                             ^
DETAIL:  \u0000 cannot be converted to text.
CONTEXT:  JSON data, line 1: ...ginner's Guide to Linux Kernel Development \u0000...

[SQL: INSERT INTO profiles (linkedin_url, name, first_name, last_name, location, headline, company, past_company1, past_company2, school1, school2, skills, experiences, certifications) VALUES (%(linkedin_url)s, %(name)s, %(first_name)s, %(last_name)s, %(location)s, %(headline)s, %(company)s, %(past_company1)s, %(past_company2)s, %(school1)s, %(school2)s, %(skills)s::JSONB, %(experiences)s::JSONB, %(certifications)s::JSONB) RETURNING profiles.profile_id, profiles.last_updated]
[parameters: {'linkedin_url': 'https://www.linkedin.com/in/sonupatel-a-l', 'name': 'Sonupatel A L', 'first_name': 'Sonupatel', 'last_name': 'A L', 'location': 'Bengaluru, Karnataka, India', 'headline': 'SDE @ Flexera | Ex SDE intern @ Ribbon Communications | Ex Intern @ Hindustan Aeronautics Limited', 'company': 'Flexera', 'past_company1': 'Ribbon Communications', 'past_company2': 'Webknot Technologies', 'school1': 'PES University', 'school2': 'Jnanasudha PU College', 'skills': '[{"name": "Amazon EC2", "endorsements": 0, "passed_assessment": null}, {"name": "Amazon VPC", "endorsements": 0, "passed_assessment": null}, {"name": ... (2809 characters truncated) ... , {"name": "Problem Solving", "endorsements": 0, "passed_assessment": null}, {"name": "Communication", "endorsements": 0, "passed_assessment": null}]', 'experiences': '[{"start_date": "2025-08-21", "end_date": null, "duration": "1 mo", "title": "Software Developer", "company": "Flexera", "location": "Bengaluru, Karn ... (595 characters truncated) ... ": "Summer Intern", "company": "Hindustan Aeronautics Limited", "location": "Bengaluru, Karnataka, India \\u00b7 On-site", "emp_type": "internship"}]', 'certifications': '[{"title": "A Beginner\'s Guide to Linux Kernel Development \\u0000LFD103\\u0000", "issuer": "The Linux Foundation", "date_issued": "Mar 2023", "cert ... (672 characters truncated) ... , {"title": "TiE Entrepreneurship program", "issuer": "TiE", "date_issued": "Aug 2024 \\u00b7 Expired Sep 2024", "cert_id": null, "cert_link": null}]'}]
(Background on this error at: https://sqlalche.me/e/20/9h9h)
Traceback (most recent call last):
  File "/Users/sonupatel/Downloads/test/test/lib/python3.13/site-packages/sqlalchemy/engine/base.py", line 1967, in _exec_single_context
    self.dialect.do_execute(
    ~~~~~~~~~~~~~~~~~~~~~~~^
        cursor, str_statement, effective_parameters, context
        ^^^^^^^^^^^^^^^^^^^^^^^^^^^^^^^^^^^^^^^^^^^^^^^^^^^^
    )
    ^
  File "/Users/sonupatel/Downloads/test/test/lib/python3.13/site-packages/sqlalchemy/engine/default.py", line 951, in do_execute
    cursor.execute(statement, parameters)
    ~~~~~~~~~~~~~~^^^^^^^^^^^^^^^^^^^^^^^
psycopg2.errors.UntranslatableCharacter: unsupported Unicode escape sequence
LINE 1: ...0b7 On-site", "emp_type": "internship"}]'::JSONB, '[{"title"...
                                                             ^
DETAIL:  \u0000 cannot be converted to text.
CONTEXT:  JSON data, line 1: ...ginner's Guide to Linux Kernel Development \u0000...


The above exception was the direct cause of the following exception:

Traceback (most recent call last):
  File "/Users/sonupatel/Downloads/test/LinkedIn/services/profile_service.py", line 53, in get_or_refresh_profile
    db.commit()
    ~~~~~~~~~^^
  File "/Users/sonupatel/Downloads/test/test/lib/python3.13/site-packages/sqlalchemy/orm/session.py", line 2032, in commit
    trans.commit(_to_root=True)
    ~~~~~~~~~~~~^^^^^^^^^^^^^^^
  File "<string>", line 2, in commit
  File "/Users/sonupatel/Downloads/test/test/lib/python3.13/site-packages/sqlalchemy/orm/state_changes.py", line 137, in _go
    ret_value = fn(self, *arg, **kw)
  File "/Users/sonupatel/Downloads/test/test/lib/python3.13/site-packages/sqlalchemy/orm/session.py", line 1313, in commit
    self._prepare_impl()
    ~~~~~~~~~~~~~~~~~~^^
  File "<string>", line 2, in _prepare_impl
  File "/Users/sonupatel/Downloads/test/test/lib/python3.13/site-packages/sqlalchemy/orm/state_changes.py", line 137, in _go
    ret_value = fn(self, *arg, **kw)
  File "/Users/sonupatel/Downloads/test/test/lib/python3.13/site-packages/sqlalchemy/orm/session.py", line 1288, in _prepare_impl
    self.session.flush()
    ~~~~~~~~~~~~~~~~~~^^
  File "/Users/sonupatel/Downloads/test/test/lib/python3.13/site-packages/sqlalchemy/orm/session.py", line 4345, in flush
    self._flush(objects)
    ~~~~~~~~~~~^^^^^^^^^
  File "/Users/sonupatel/Downloads/test/test/lib/python3.13/site-packages/sqlalchemy/orm/session.py", line 4480, in _flush
    with util.safe_reraise():
         ~~~~~~~~~~~~~~~~~^^
  File "/Users/sonupatel/Downloads/test/test/lib/python3.13/site-packages/sqlalchemy/util/langhelpers.py", line 224, in __exit__
    raise exc_value.with_traceback(exc_tb)
  File "/Users/sonupatel/Downloads/test/test/lib/python3.13/site-packages/sqlalchemy/orm/session.py", line 4441, in _flush
    flush_context.execute()
    ~~~~~~~~~~~~~~~~~~~~~^^
  File "/Users/sonupatel/Downloads/test/test/lib/python3.13/site-packages/sqlalchemy/orm/unitofwork.py", line 466, in execute
    rec.execute(self)
    ~~~~~~~~~~~^^^^^^
  File "/Users/sonupatel/Downloads/test/test/lib/python3.13/site-packages/sqlalchemy/orm/unitofwork.py", line 642, in execute
    util.preloaded.orm_persistence.save_obj(
    ~~~~~~~~~~~~~~~~~~~~~~~~~~~~~~~~~~~~~~~^
        self.mapper,
        ^^^^^^^^^^^^
        uow.states_for_mapper_hierarchy(self.mapper, False, False),
        ^^^^^^^^^^^^^^^^^^^^^^^^^^^^^^^^^^^^^^^^^^^^^^^^^^^^^^^^^^^
        uow,
        ^^^^
    )
    ^
  File "/Users/sonupatel/Downloads/test/test/lib/python3.13/site-packages/sqlalchemy/orm/persistence.py", line 93, in save_obj
    _emit_insert_statements(
    ~~~~~~~~~~~~~~~~~~~~~~~^
        base_mapper,
        ^^^^^^^^^^^^
    ...<3 lines>...
        insert,
        ^^^^^^^
    )
    ^
  File "/Users/sonupatel/Downloads/test/test/lib/python3.13/site-packages/sqlalchemy/orm/persistence.py", line 1233, in _emit_insert_statements
    result = connection.execute(
        statement,
        params,
        execution_options=execution_options,
    )
  File "/Users/sonupatel/Downloads/test/test/lib/python3.13/site-packages/sqlalchemy/engine/base.py", line 1419, in execute
    return meth(
        self,
        distilled_parameters,
        execution_options or NO_OPTIONS,
    )
  File "/Users/sonupatel/Downloads/test/test/lib/python3.13/site-packages/sqlalchemy/sql/elements.py", line 526, in _execute_on_connection
    return connection._execute_clauseelement(
           ~~~~~~~~~~~~~~~~~~~~~~~~~~~~~~~~~^
        self, distilled_params, execution_options
        ^^^^^^^^^^^^^^^^^^^^^^^^^^^^^^^^^^^^^^^^^
    )
    ^
  File "/Users/sonupatel/Downloads/test/test/lib/python3.13/site-packages/sqlalchemy/engine/base.py", line 1641, in _execute_clauseelement
    ret = self._execute_context(
        dialect,
    ...<8 lines>...
        cache_hit=cache_hit,
    )
  File "/Users/sonupatel/Downloads/test/test/lib/python3.13/site-packages/sqlalchemy/engine/base.py", line 1846, in _execute_context
    return self._exec_single_context(
           ~~~~~~~~~~~~~~~~~~~~~~~~~^
        dialect, context, statement, parameters
        ^^^^^^^^^^^^^^^^^^^^^^^^^^^^^^^^^^^^^^^
    )
    ^
  File "/Users/sonupatel/Downloads/test/test/lib/python3.13/site-packages/sqlalchemy/engine/base.py", line 1986, in _exec_single_context
    self._handle_dbapi_exception(
    ~~~~~~~~~~~~~~~~~~~~~~~~~~~~^
        e, str_statement, effective_parameters, cursor, context
        ^^^^^^^^^^^^^^^^^^^^^^^^^^^^^^^^^^^^^^^^^^^^^^^^^^^^^^^
    )
    ^
  File "/Users/sonupatel/Downloads/test/test/lib/python3.13/site-packages/sqlalchemy/engine/base.py", line 2355, in _handle_dbapi_exception
    raise sqlalchemy_exception.with_traceback(exc_info[2]) from e
  File "/Users/sonupatel/Downloads/test/test/lib/python3.13/site-packages/sqlalchemy/engine/base.py", line 1967, in _exec_single_context
    self.dialect.do_execute(
    ~~~~~~~~~~~~~~~~~~~~~~~^
        cursor, str_statement, effective_parameters, context
        ^^^^^^^^^^^^^^^^^^^^^^^^^^^^^^^^^^^^^^^^^^^^^^^^^^^^
    )
    ^
  File "/Users/sonupatel/Downloads/test/test/lib/python3.13/site-packages/sqlalchemy/engine/default.py", line 951, in do_execute
    cursor.execute(statement, parameters)
    ~~~~~~~~~~~~~~^^^^^^^^^^^^^^^^^^^^^^^
sqlalchemy.exc.DataError: (psycopg2.errors.UntranslatableCharacter) unsupported Unicode escape sequence
LINE 1: ...0b7 On-site", "emp_type": "internship"}]'::JSONB, '[{"title"...
                                                             ^
DETAIL:  \u0000 cannot be converted to text.
CONTEXT:  JSON data, line 1: ...ginner's Guide to Linux Kernel Development \u0000...

[SQL: INSERT INTO profiles (linkedin_url, name, first_name, last_name, location, headline, company, past_company1, past_company2, school1, school2, skills, experiences, certifications) VALUES (%(linkedin_url)s, %(name)s, %(first_name)s, %(last_name)s, %(location)s, %(headline)s, %(company)s, %(past_company1)s, %(past_company2)s, %(school1)s, %(school2)s, %(skills)s::JSONB, %(experiences)s::JSONB, %(certifications)s::JSONB) RETURNING profiles.profile_id, profiles.last_updated]
[parameters: {'linkedin_url': 'https://www.linkedin.com/in/sonupatel-a-l', 'name': 'Sonupatel A L', 'first_name': 'Sonupatel', 'last_name': 'A L', 'location': 'Bengaluru, Karnataka, India', 'headline': 'SDE @ Flexera | Ex SDE intern @ Ribbon Communications | Ex Intern @ Hindustan Aeronautics Limited', 'company': 'Flexera', 'past_company1': 'Ribbon Communications', 'past_company2': 'Webknot Technologies', 'school1': 'PES University', 'school2': 'Jnanasudha PU College', 'skills': '[{"name": "Amazon EC2", "endorsements": 0, "passed_assessment": null}, {"name": "Amazon VPC", "endorsements": 0, "passed_assessment": null}, {"name": ... (2809 characters truncated) ... , {"name": "Problem Solving", "endorsements": 0, "passed_assessment": null}, {"name": "Communication", "endorsements": 0, "passed_assessment": null}]', 'experiences': '[{"start_date": "2025-08-21", "end_date": null, "duration": "1 mo", "title": "Software Developer", "company": "Flexera", "location": "Bengaluru, Karn ... (595 characters truncated) ... ": "Summer Intern", "company": "Hindustan Aeronautics Limited", "location": "Bengaluru, Karnataka, India \\u00b7 On-site", "emp_type": "internship"}]', 'certifications': '[{"title": "A Beginner\'s Guide to Linux Kernel Development \\u0000LFD103\\u0000", "issuer": "The Linux Foundation", "date_issued": "Mar 2023", "cert ... (672 characters truncated) ... , {"title": "TiE Entrepreneurship program", "issuer": "TiE", "date_issued": "Aug 2024 \\u00b7 Expired Sep 2024", "cert_id": null, "cert_link": null}]'}]
(Background on this error at: https://sqlalche.me/e/20/9h9h)
2025-08-21 22:12:37,116 - INFO - Requesting HarvestAPI with params: {'search': 'Sonupatel A L', 'page': 1}
2025-08-21 22:12:38,748 - INFO - Search status code: 200
2025-08-21 22:12:42,459 - ERROR - DB error: (psycopg2.errors.UntranslatableCharacter) unsupported Unicode escape sequence
LINE 1: ...0b7 On-site", "emp_type": "internship"}]'::JSONB, '[{"title"...
                                                             ^
DETAIL:  \u0000 cannot be converted to text.
CONTEXT:  JSON data, line 1: ...ginner's Guide to Linux Kernel Development \u0000...

[SQL: INSERT INTO profiles (linkedin_url, name, first_name, last_name, location, headline, company, past_company1, past_company2, school1, school2, skills, experiences, certifications) VALUES (%(linkedin_url)s, %(name)s, %(first_name)s, %(last_name)s, %(location)s, %(headline)s, %(company)s, %(past_company1)s, %(past_company2)s, %(school1)s, %(school2)s, %(skills)s::JSONB, %(experiences)s::JSONB, %(certifications)s::JSONB) RETURNING profiles.profile_id, profiles.last_updated]
[parameters: {'linkedin_url': 'https://www.linkedin.com/in/sonupatel-a-l', 'name': 'Sonupatel A L', 'first_name': 'Sonupatel', 'last_name': 'A L', 'location': 'Bengaluru, Karnataka, India', 'headline': 'SDE @ Flexera | Ex SDE intern @ Ribbon Communications | Ex Intern @ Hindustan Aeronautics Limited', 'company': 'Flexera', 'past_company1': 'Ribbon Communications', 'past_company2': 'Webknot Technologies', 'school1': 'PES University', 'school2': 'Jnanasudha PU College', 'skills': '[{"name": "Amazon EC2", "endorsements": 0, "passed_assessment": null}, {"name": "Amazon VPC", "endorsements": 0, "passed_assessment": null}, {"name": ... (2809 characters truncated) ... , {"name": "Problem Solving", "endorsements": 0, "passed_assessment": null}, {"name": "Communication", "endorsements": 0, "passed_assessment": null}]', 'experiences': '[{"start_date": "2025-08-21", "end_date": null, "duration": "1 mo", "title": "Software Developer", "company": "Flexera", "location": "Bengaluru, Karn ... (595 characters truncated) ... ": "Summer Intern", "company": "Hindustan Aeronautics Limited", "location": "Bengaluru, Karnataka, India \\u00b7 On-site", "emp_type": "internship"}]', 'certifications': '[{"title": "A Beginner\'s Guide to Linux Kernel Development \\u0000LFD103\\u0000", "issuer": "The Linux Foundation", "date_issued": "Mar 2023", "cert ... (672 characters truncated) ... , {"title": "TiE Entrepreneurship program", "issuer": "TiE", "date_issued": "Aug 2024 \\u00b7 Expired Sep 2024", "cert_id": null, "cert_link": null}]'}]
(Background on this error at: https://sqlalche.me/e/20/9h9h)
Traceback (most recent call last):
  File "/Users/sonupatel/Downloads/test/test/lib/python3.13/site-packages/sqlalchemy/engine/base.py", line 1967, in _exec_single_context
    self.dialect.do_execute(
    ~~~~~~~~~~~~~~~~~~~~~~~^
        cursor, str_statement, effective_parameters, context
        ^^^^^^^^^^^^^^^^^^^^^^^^^^^^^^^^^^^^^^^^^^^^^^^^^^^^
    )
    ^
  File "/Users/sonupatel/Downloads/test/test/lib/python3.13/site-packages/sqlalchemy/engine/default.py", line 951, in do_execute
    cursor.execute(statement, parameters)
    ~~~~~~~~~~~~~~^^^^^^^^^^^^^^^^^^^^^^^
psycopg2.errors.UntranslatableCharacter: unsupported Unicode escape sequence
LINE 1: ...0b7 On-site", "emp_type": "internship"}]'::JSONB, '[{"title"...
                                                             ^
DETAIL:  \u0000 cannot be converted to text.
CONTEXT:  JSON data, line 1: ...ginner's Guide to Linux Kernel Development \u0000...


The above exception was the direct cause of the following exception:

Traceback (most recent call last):
  File "/Users/sonupatel/Downloads/test/LinkedIn/services/profile_service.py", line 53, in get_or_refresh_profile
    db.commit()
    ~~~~~~~~~^^
  File "/Users/sonupatel/Downloads/test/test/lib/python3.13/site-packages/sqlalchemy/orm/session.py", line 2032, in commit
    trans.commit(_to_root=True)
    ~~~~~~~~~~~~^^^^^^^^^^^^^^^
  File "<string>", line 2, in commit
  File "/Users/sonupatel/Downloads/test/test/lib/python3.13/site-packages/sqlalchemy/orm/state_changes.py", line 137, in _go
    ret_value = fn(self, *arg, **kw)
  File "/Users/sonupatel/Downloads/test/test/lib/python3.13/site-packages/sqlalchemy/orm/session.py", line 1313, in commit
    self._prepare_impl()
    ~~~~~~~~~~~~~~~~~~^^
  File "<string>", line 2, in _prepare_impl
  File "/Users/sonupatel/Downloads/test/test/lib/python3.13/site-packages/sqlalchemy/orm/state_changes.py", line 137, in _go
    ret_value = fn(self, *arg, **kw)
  File "/Users/sonupatel/Downloads/test/test/lib/python3.13/site-packages/sqlalchemy/orm/session.py", line 1288, in _prepare_impl
    self.session.flush()
    ~~~~~~~~~~~~~~~~~~^^
  File "/Users/sonupatel/Downloads/test/test/lib/python3.13/site-packages/sqlalchemy/orm/session.py", line 4345, in flush
    self._flush(objects)
    ~~~~~~~~~~~^^^^^^^^^
  File "/Users/sonupatel/Downloads/test/test/lib/python3.13/site-packages/sqlalchemy/orm/session.py", line 4480, in _flush
    with util.safe_reraise():
         ~~~~~~~~~~~~~~~~~^^
  File "/Users/sonupatel/Downloads/test/test/lib/python3.13/site-packages/sqlalchemy/util/langhelpers.py", line 224, in __exit__
    raise exc_value.with_traceback(exc_tb)
  File "/Users/sonupatel/Downloads/test/test/lib/python3.13/site-packages/sqlalchemy/orm/session.py", line 4441, in _flush
    flush_context.execute()
    ~~~~~~~~~~~~~~~~~~~~~^^
  File "/Users/sonupatel/Downloads/test/test/lib/python3.13/site-packages/sqlalchemy/orm/unitofwork.py", line 466, in execute
    rec.execute(self)
    ~~~~~~~~~~~^^^^^^
  File "/Users/sonupatel/Downloads/test/test/lib/python3.13/site-packages/sqlalchemy/orm/unitofwork.py", line 642, in execute
    util.preloaded.orm_persistence.save_obj(
    ~~~~~~~~~~~~~~~~~~~~~~~~~~~~~~~~~~~~~~~^
        self.mapper,
        ^^^^^^^^^^^^
        uow.states_for_mapper_hierarchy(self.mapper, False, False),
        ^^^^^^^^^^^^^^^^^^^^^^^^^^^^^^^^^^^^^^^^^^^^^^^^^^^^^^^^^^^
        uow,
        ^^^^
    )
    ^
  File "/Users/sonupatel/Downloads/test/test/lib/python3.13/site-packages/sqlalchemy/orm/persistence.py", line 93, in save_obj
    _emit_insert_statements(
    ~~~~~~~~~~~~~~~~~~~~~~~^
        base_mapper,
        ^^^^^^^^^^^^
    ...<3 lines>...
        insert,
        ^^^^^^^
    )
    ^
  File "/Users/sonupatel/Downloads/test/test/lib/python3.13/site-packages/sqlalchemy/orm/persistence.py", line 1233, in _emit_insert_statements
    result = connection.execute(
        statement,
        params,
        execution_options=execution_options,
    )
  File "/Users/sonupatel/Downloads/test/test/lib/python3.13/site-packages/sqlalchemy/engine/base.py", line 1419, in execute
    return meth(
        self,
        distilled_parameters,
        execution_options or NO_OPTIONS,
    )
  File "/Users/sonupatel/Downloads/test/test/lib/python3.13/site-packages/sqlalchemy/sql/elements.py", line 526, in _execute_on_connection
    return connection._execute_clauseelement(
           ~~~~~~~~~~~~~~~~~~~~~~~~~~~~~~~~~^
        self, distilled_params, execution_options
        ^^^^^^^^^^^^^^^^^^^^^^^^^^^^^^^^^^^^^^^^^
    )
    ^
  File "/Users/sonupatel/Downloads/test/test/lib/python3.13/site-packages/sqlalchemy/engine/base.py", line 1641, in _execute_clauseelement
    ret = self._execute_context(
        dialect,
    ...<8 lines>...
        cache_hit=cache_hit,
    )
  File "/Users/sonupatel/Downloads/test/test/lib/python3.13/site-packages/sqlalchemy/engine/base.py", line 1846, in _execute_context
    return self._exec_single_context(
           ~~~~~~~~~~~~~~~~~~~~~~~~~^
        dialect, context, statement, parameters
        ^^^^^^^^^^^^^^^^^^^^^^^^^^^^^^^^^^^^^^^
    )
    ^
  File "/Users/sonupatel/Downloads/test/test/lib/python3.13/site-packages/sqlalchemy/engine/base.py", line 1986, in _exec_single_context
    self._handle_dbapi_exception(
    ~~~~~~~~~~~~~~~~~~~~~~~~~~~~^
        e, str_statement, effective_parameters, cursor, context
        ^^^^^^^^^^^^^^^^^^^^^^^^^^^^^^^^^^^^^^^^^^^^^^^^^^^^^^^
    )
    ^
  File "/Users/sonupatel/Downloads/test/test/lib/python3.13/site-packages/sqlalchemy/engine/base.py", line 2355, in _handle_dbapi_exception
    raise sqlalchemy_exception.with_traceback(exc_info[2]) from e
  File "/Users/sonupatel/Downloads/test/test/lib/python3.13/site-packages/sqlalchemy/engine/base.py", line 1967, in _exec_single_context
    self.dialect.do_execute(
    ~~~~~~~~~~~~~~~~~~~~~~~^
        cursor, str_statement, effective_parameters, context
        ^^^^^^^^^^^^^^^^^^^^^^^^^^^^^^^^^^^^^^^^^^^^^^^^^^^^
    )
    ^
  File "/Users/sonupatel/Downloads/test/test/lib/python3.13/site-packages/sqlalchemy/engine/default.py", line 951, in do_execute
    cursor.execute(statement, parameters)
    ~~~~~~~~~~~~~~^^^^^^^^^^^^^^^^^^^^^^^
sqlalchemy.exc.DataError: (psycopg2.errors.UntranslatableCharacter) unsupported Unicode escape sequence
LINE 1: ...0b7 On-site", "emp_type": "internship"}]'::JSONB, '[{"title"...
                                                             ^
DETAIL:  \u0000 cannot be converted to text.
CONTEXT:  JSON data, line 1: ...ginner's Guide to Linux Kernel Development \u0000...

[SQL: INSERT INTO profiles (linkedin_url, name, first_name, last_name, location, headline, company, past_company1, past_company2, school1, school2, skills, experiences, certifications) VALUES (%(linkedin_url)s, %(name)s, %(first_name)s, %(last_name)s, %(location)s, %(headline)s, %(company)s, %(past_company1)s, %(past_company2)s, %(school1)s, %(school2)s, %(skills)s::JSONB, %(experiences)s::JSONB, %(certifications)s::JSONB) RETURNING profiles.profile_id, profiles.last_updated]
[parameters: {'linkedin_url': 'https://www.linkedin.com/in/sonupatel-a-l', 'name': 'Sonupatel A L', 'first_name': 'Sonupatel', 'last_name': 'A L', 'location': 'Bengaluru, Karnataka, India', 'headline': 'SDE @ Flexera | Ex SDE intern @ Ribbon Communications | Ex Intern @ Hindustan Aeronautics Limited', 'company': 'Flexera', 'past_company1': 'Ribbon Communications', 'past_company2': 'Webknot Technologies', 'school1': 'PES University', 'school2': 'Jnanasudha PU College', 'skills': '[{"name": "Amazon EC2", "endorsements": 0, "passed_assessment": null}, {"name": "Amazon VPC", "endorsements": 0, "passed_assessment": null}, {"name": ... (2809 characters truncated) ... , {"name": "Problem Solving", "endorsements": 0, "passed_assessment": null}, {"name": "Communication", "endorsements": 0, "passed_assessment": null}]', 'experiences': '[{"start_date": "2025-08-21", "end_date": null, "duration": "1 mo", "title": "Software Developer", "company": "Flexera", "location": "Bengaluru, Karn ... (595 characters truncated) ... ": "Summer Intern", "company": "Hindustan Aeronautics Limited", "location": "Bengaluru, Karnataka, India \\u00b7 On-site", "emp_type": "internship"}]', 'certifications': '[{"title": "A Beginner\'s Guide to Linux Kernel Development \\u0000LFD103\\u0000", "issuer": "The Linux Foundation", "date_issued": "Mar 2023", "cert ... (672 characters truncated) ... , {"title": "TiE Entrepreneurship program", "issuer": "TiE", "date_issued": "Aug 2024 \\u00b7 Expired Sep 2024", "cert_id": null, "cert_link": null}]'}]
(Background on this error at: https://sqlalche.me/e/20/9h9h)
2025-08-21 22:13:01,517 - INFO - Requesting HarvestAPI with params: {'search': 'Dilip Harish', 'page': 1}
2025-08-21 22:13:03,323 - INFO - Search status code: 200
2025-08-21 22:16:59,481 - INFO - Requesting HarvestAPI with params: {'search': 'Sonupatel A L', 'page': 1, 'currentCompany': 'Flexera'}
2025-08-21 22:17:01,209 - INFO - Search status code: 200
2025-08-21 22:17:05,020 - ERROR - DB error: (psycopg2.errors.UntranslatableCharacter) unsupported Unicode escape sequence
LINE 1: ...0b7 On-site", "emp_type": "internship"}]'::JSONB, '[{"title"...
                                                             ^
DETAIL:  \u0000 cannot be converted to text.
CONTEXT:  JSON data, line 1: ...ginner's Guide to Linux Kernel Development \u0000...

[SQL: INSERT INTO profiles (linkedin_url, name, first_name, last_name, location, headline, company, past_company1, past_company2, school1, school2, skills, experiences, certifications) VALUES (%(linkedin_url)s, %(name)s, %(first_name)s, %(last_name)s, %(location)s, %(headline)s, %(company)s, %(past_company1)s, %(past_company2)s, %(school1)s, %(school2)s, %(skills)s::JSONB, %(experiences)s::JSONB, %(certifications)s::JSONB) RETURNING profiles.profile_id, profiles.last_updated]
[parameters: {'linkedin_url': 'https://www.linkedin.com/in/sonupatel-a-l', 'name': 'Sonupatel A L', 'first_name': 'Sonupatel', 'last_name': 'A L', 'location': 'Bengaluru, Karnataka, India', 'headline': 'SDE @ Flexera | Ex SDE intern @ Ribbon Communications | Ex Intern @ Hindustan Aeronautics Limited', 'company': 'Flexera', 'past_company1': 'Ribbon Communications', 'past_company2': 'Webknot Technologies', 'school1': 'PES University', 'school2': 'Jnanasudha PU College', 'skills': '[{"name": "Amazon EC2", "endorsements": 0, "passed_assessment": null}, {"name": "Amazon VPC", "endorsements": 0, "passed_assessment": null}, {"name": ... (2809 characters truncated) ... , {"name": "Problem Solving", "endorsements": 0, "passed_assessment": null}, {"name": "Communication", "endorsements": 0, "passed_assessment": null}]', 'experiences': '[{"start_date": "2025-08-21", "end_date": null, "duration": "1 mo", "title": "Software Developer", "company": "Flexera", "location": "Bengaluru, Karn ... (595 characters truncated) ... ": "Summer Intern", "company": "Hindustan Aeronautics Limited", "location": "Bengaluru, Karnataka, India \\u00b7 On-site", "emp_type": "internship"}]', 'certifications': '[{"title": "A Beginner\'s Guide to Linux Kernel Development \\u0000LFD103\\u0000", "issuer": "The Linux Foundation", "date_issued": "Mar 2023", "cert ... (672 characters truncated) ... , {"title": "TiE Entrepreneurship program", "issuer": "TiE", "date_issued": "Aug 2024 \\u00b7 Expired Sep 2024", "cert_id": null, "cert_link": null}]'}]
(Background on this error at: https://sqlalche.me/e/20/9h9h)
Traceback (most recent call last):
  File "/Users/sonupatel/Downloads/test/test/lib/python3.13/site-packages/sqlalchemy/engine/base.py", line 1967, in _exec_single_context
    self.dialect.do_execute(
    ~~~~~~~~~~~~~~~~~~~~~~~^
        cursor, str_statement, effective_parameters, context
        ^^^^^^^^^^^^^^^^^^^^^^^^^^^^^^^^^^^^^^^^^^^^^^^^^^^^
    )
    ^
  File "/Users/sonupatel/Downloads/test/test/lib/python3.13/site-packages/sqlalchemy/engine/default.py", line 951, in do_execute
    cursor.execute(statement, parameters)
    ~~~~~~~~~~~~~~^^^^^^^^^^^^^^^^^^^^^^^
psycopg2.errors.UntranslatableCharacter: unsupported Unicode escape sequence
LINE 1: ...0b7 On-site", "emp_type": "internship"}]'::JSONB, '[{"title"...
                                                             ^
DETAIL:  \u0000 cannot be converted to text.
CONTEXT:  JSON data, line 1: ...ginner's Guide to Linux Kernel Development \u0000...


The above exception was the direct cause of the following exception:

Traceback (most recent call last):
  File "/Users/sonupatel/Downloads/test/LinkedIn/services/profile_service.py", line 154, in get_or_refresh_profile
    db.commit()
    ~~~~~~~~~^^
  File "/Users/sonupatel/Downloads/test/test/lib/python3.13/site-packages/sqlalchemy/orm/session.py", line 2032, in commit
    trans.commit(_to_root=True)
    ~~~~~~~~~~~~^^^^^^^^^^^^^^^
  File "<string>", line 2, in commit
  File "/Users/sonupatel/Downloads/test/test/lib/python3.13/site-packages/sqlalchemy/orm/state_changes.py", line 137, in _go
    ret_value = fn(self, *arg, **kw)
  File "/Users/sonupatel/Downloads/test/test/lib/python3.13/site-packages/sqlalchemy/orm/session.py", line 1313, in commit
    self._prepare_impl()
    ~~~~~~~~~~~~~~~~~~^^
  File "<string>", line 2, in _prepare_impl
  File "/Users/sonupatel/Downloads/test/test/lib/python3.13/site-packages/sqlalchemy/orm/state_changes.py", line 137, in _go
    ret_value = fn(self, *arg, **kw)
  File "/Users/sonupatel/Downloads/test/test/lib/python3.13/site-packages/sqlalchemy/orm/session.py", line 1288, in _prepare_impl
    self.session.flush()
    ~~~~~~~~~~~~~~~~~~^^
  File "/Users/sonupatel/Downloads/test/test/lib/python3.13/site-packages/sqlalchemy/orm/session.py", line 4345, in flush
    self._flush(objects)
    ~~~~~~~~~~~^^^^^^^^^
  File "/Users/sonupatel/Downloads/test/test/lib/python3.13/site-packages/sqlalchemy/orm/session.py", line 4480, in _flush
    with util.safe_reraise():
         ~~~~~~~~~~~~~~~~~^^
  File "/Users/sonupatel/Downloads/test/test/lib/python3.13/site-packages/sqlalchemy/util/langhelpers.py", line 224, in __exit__
    raise exc_value.with_traceback(exc_tb)
  File "/Users/sonupatel/Downloads/test/test/lib/python3.13/site-packages/sqlalchemy/orm/session.py", line 4441, in _flush
    flush_context.execute()
    ~~~~~~~~~~~~~~~~~~~~~^^
  File "/Users/sonupatel/Downloads/test/test/lib/python3.13/site-packages/sqlalchemy/orm/unitofwork.py", line 466, in execute
    rec.execute(self)
    ~~~~~~~~~~~^^^^^^
  File "/Users/sonupatel/Downloads/test/test/lib/python3.13/site-packages/sqlalchemy/orm/unitofwork.py", line 642, in execute
    util.preloaded.orm_persistence.save_obj(
    ~~~~~~~~~~~~~~~~~~~~~~~~~~~~~~~~~~~~~~~^
        self.mapper,
        ^^^^^^^^^^^^
        uow.states_for_mapper_hierarchy(self.mapper, False, False),
        ^^^^^^^^^^^^^^^^^^^^^^^^^^^^^^^^^^^^^^^^^^^^^^^^^^^^^^^^^^^
        uow,
        ^^^^
    )
    ^
  File "/Users/sonupatel/Downloads/test/test/lib/python3.13/site-packages/sqlalchemy/orm/persistence.py", line 93, in save_obj
    _emit_insert_statements(
    ~~~~~~~~~~~~~~~~~~~~~~~^
        base_mapper,
        ^^^^^^^^^^^^
    ...<3 lines>...
        insert,
        ^^^^^^^
    )
    ^
  File "/Users/sonupatel/Downloads/test/test/lib/python3.13/site-packages/sqlalchemy/orm/persistence.py", line 1233, in _emit_insert_statements
    result = connection.execute(
        statement,
        params,
        execution_options=execution_options,
    )
  File "/Users/sonupatel/Downloads/test/test/lib/python3.13/site-packages/sqlalchemy/engine/base.py", line 1419, in execute
    return meth(
        self,
        distilled_parameters,
        execution_options or NO_OPTIONS,
    )
  File "/Users/sonupatel/Downloads/test/test/lib/python3.13/site-packages/sqlalchemy/sql/elements.py", line 526, in _execute_on_connection
    return connection._execute_clauseelement(
           ~~~~~~~~~~~~~~~~~~~~~~~~~~~~~~~~~^
        self, distilled_params, execution_options
        ^^^^^^^^^^^^^^^^^^^^^^^^^^^^^^^^^^^^^^^^^
    )
    ^
  File "/Users/sonupatel/Downloads/test/test/lib/python3.13/site-packages/sqlalchemy/engine/base.py", line 1641, in _execute_clauseelement
    ret = self._execute_context(
        dialect,
    ...<8 lines>...
        cache_hit=cache_hit,
    )
  File "/Users/sonupatel/Downloads/test/test/lib/python3.13/site-packages/sqlalchemy/engine/base.py", line 1846, in _execute_context
    return self._exec_single_context(
           ~~~~~~~~~~~~~~~~~~~~~~~~~^
        dialect, context, statement, parameters
        ^^^^^^^^^^^^^^^^^^^^^^^^^^^^^^^^^^^^^^^
    )
    ^
  File "/Users/sonupatel/Downloads/test/test/lib/python3.13/site-packages/sqlalchemy/engine/base.py", line 1986, in _exec_single_context
    self._handle_dbapi_exception(
    ~~~~~~~~~~~~~~~~~~~~~~~~~~~~^
        e, str_statement, effective_parameters, cursor, context
        ^^^^^^^^^^^^^^^^^^^^^^^^^^^^^^^^^^^^^^^^^^^^^^^^^^^^^^^
    )
    ^
  File "/Users/sonupatel/Downloads/test/test/lib/python3.13/site-packages/sqlalchemy/engine/base.py", line 2355, in _handle_dbapi_exception
    raise sqlalchemy_exception.with_traceback(exc_info[2]) from e
  File "/Users/sonupatel/Downloads/test/test/lib/python3.13/site-packages/sqlalchemy/engine/base.py", line 1967, in _exec_single_context
    self.dialect.do_execute(
    ~~~~~~~~~~~~~~~~~~~~~~~^
        cursor, str_statement, effective_parameters, context
        ^^^^^^^^^^^^^^^^^^^^^^^^^^^^^^^^^^^^^^^^^^^^^^^^^^^^
    )
    ^
  File "/Users/sonupatel/Downloads/test/test/lib/python3.13/site-packages/sqlalchemy/engine/default.py", line 951, in do_execute
    cursor.execute(statement, parameters)
    ~~~~~~~~~~~~~~^^^^^^^^^^^^^^^^^^^^^^^
sqlalchemy.exc.DataError: (psycopg2.errors.UntranslatableCharacter) unsupported Unicode escape sequence
LINE 1: ...0b7 On-site", "emp_type": "internship"}]'::JSONB, '[{"title"...
                                                             ^
DETAIL:  \u0000 cannot be converted to text.
CONTEXT:  JSON data, line 1: ...ginner's Guide to Linux Kernel Development \u0000...

[SQL: INSERT INTO profiles (linkedin_url, name, first_name, last_name, location, headline, company, past_company1, past_company2, school1, school2, skills, experiences, certifications) VALUES (%(linkedin_url)s, %(name)s, %(first_name)s, %(last_name)s, %(location)s, %(headline)s, %(company)s, %(past_company1)s, %(past_company2)s, %(school1)s, %(school2)s, %(skills)s::JSONB, %(experiences)s::JSONB, %(certifications)s::JSONB) RETURNING profiles.profile_id, profiles.last_updated]
[parameters: {'linkedin_url': 'https://www.linkedin.com/in/sonupatel-a-l', 'name': 'Sonupatel A L', 'first_name': 'Sonupatel', 'last_name': 'A L', 'location': 'Bengaluru, Karnataka, India', 'headline': 'SDE @ Flexera | Ex SDE intern @ Ribbon Communications | Ex Intern @ Hindustan Aeronautics Limited', 'company': 'Flexera', 'past_company1': 'Ribbon Communications', 'past_company2': 'Webknot Technologies', 'school1': 'PES University', 'school2': 'Jnanasudha PU College', 'skills': '[{"name": "Amazon EC2", "endorsements": 0, "passed_assessment": null}, {"name": "Amazon VPC", "endorsements": 0, "passed_assessment": null}, {"name": ... (2809 characters truncated) ... , {"name": "Problem Solving", "endorsements": 0, "passed_assessment": null}, {"name": "Communication", "endorsements": 0, "passed_assessment": null}]', 'experiences': '[{"start_date": "2025-08-21", "end_date": null, "duration": "1 mo", "title": "Software Developer", "company": "Flexera", "location": "Bengaluru, Karn ... (595 characters truncated) ... ": "Summer Intern", "company": "Hindustan Aeronautics Limited", "location": "Bengaluru, Karnataka, India \\u00b7 On-site", "emp_type": "internship"}]', 'certifications': '[{"title": "A Beginner\'s Guide to Linux Kernel Development \\u0000LFD103\\u0000", "issuer": "The Linux Foundation", "date_issued": "Mar 2023", "cert ... (672 characters truncated) ... , {"title": "TiE Entrepreneurship program", "issuer": "TiE", "date_issued": "Aug 2024 \\u00b7 Expired Sep 2024", "cert_id": null, "cert_link": null}]'}]
(Background on this error at: https://sqlalche.me/e/20/9h9h)
2025-08-21 22:18:54,958 - INFO - Requesting HarvestAPI with params: {'search': 'Sonupatel A L', 'page': 1, 'currentCompany': 'Flexera'}
2025-08-21 22:18:56,928 - INFO - Search status code: 200
2025-08-21 22:20:48,439 - INFO - Requesting HarvestAPI with params: {'search': 'Sonupatel A L', 'page': 1}
2025-08-21 22:20:49,897 - INFO - Search status code: 200
2025-08-21 22:25:25,897 - INFO - Requesting HarvestAPI with params: {'search': 'KVSM Sourish', 'page': 1, 'currentCompany': 'Flexera'}
2025-08-21 22:25:27,308 - INFO - Search status code: 200
